2023-04-07T14:17:08.918 WARN (pid:29338) - Could not find lombok.jar path.
2023-04-07T14:17:08.937 INFO (pid:29338) - Starting Java server with: /usr/local/Cellar/openjdk/18.0.2/libexec/openjdk.jdk/Contents/Home/bin/java --add-modules=ALL-SYSTEM --add-opens java.base/java.util=ALL-UNNAMED --add-opens java.base/java.lang=ALL-UNNAMED --add-opens java.base/sun.nio.fs=ALL-UNNAMED -Declipse.application=org.eclipse.jdt.ls.core.id1 -Dosgi.bundles.defaultStartLevel=4 -Declipse.product=org.eclipse.jdt.ls.core.product -Djava.import.generatesMetadataFilesAtProjectRoot=false -Dfile.encoding=UTF-8 -XX:+UseParallelGC -XX:GCTimeRatio=4 -XX:AdaptiveSizePolicyWeight=90 -Dsun.zip.disableMemoryMapping=true -Xmx1G -Xms100m -Xlog:disable -XX:+HeapDumpOnOutOfMemoryError -XX:HeapDumpPath=/Users/wellstoneoh/.config/coc/extensions/coc-java-data -jar /Users/wellstoneoh/.config/coc/extensions/node_modules/coc-java/server/plugins/org.eclipse.equinox.launcher_1.6.400.v20210924-0641.jar -configuration /Users/wellstoneoh/.config/coc/extensions/coc-java-data/1.14.1/config_mac -data /Users/wellstoneoh/.config/coc/extensions/coc-java-data/jdt_ws
2023-04-07T14:17:10.924 INFO (pid:29338) - WARNING: Using incubator modules: jdk.incubator.vector, jdk.incubator.foreign

2023-04-07T14:18:35.001 INFO (pid:29338) - [Error - 14:18:35.001] 2023. 4. 7. 오후 2:18:34 Resource '/dreamappeal-server' does not exist.
Resource '/dreamappeal-server' does not exist.
java.lang.Exception: Resource '/dreamappeal-server' does not exist.
	at org.eclipse.core.internal.resources.ResourceException.provideStackTrace(ResourceException.java:42)
	at org.eclipse.core.internal.resources.ResourceException.<init>(ResourceException.java:38)
	at org.eclipse.core.internal.resources.Resource.checkExists(Resource.java:330)
	at org.eclipse.core.internal.resources.Resource.checkAccessible(Resource.java:204)
	at org.eclipse.core.internal.resources.Project.checkAccessible(Project.java:150)
	at org.eclipse.core.internal.resources.Resource.checkAccessibleAndLocal(Resource.java:210)
	at org.eclipse.core.internal.resources.Resource.touch(Resource.java:1768)
	at org.eclipse.core.internal.resources.Project.touch(Project.java:1361)
	at org.eclipse.jdt.internal.core.SetContainerOperation.executeOperation(SetContainerOperation.java:122)
	at org.eclipse.jdt.internal.core.JavaModelOperation.run(JavaModelOperation.java:740)
	at org.eclipse.core.internal.resources.Workspace.run(Workspace.java:2380)
	at org.eclipse.core.internal.resources.Workspace.run(Workspace.java:2405)
	at org.eclipse.jdt.internal.core.JavaModelOperation.runOperation(JavaModelOperation.java:811)
	at org.eclipse.jdt.core.JavaCore.setClasspathContainer(JavaCore.java:6025)
	at org.eclipse.jdt.internal.launching.JREContainerInitializer.initialize(JREContainerInitializer.java:114)
	at org.eclipse.jdt.internal.launching.LaunchingPlugin$VMChanges.rebind(LaunchingPlugin.java:381)
	at org.eclipse.jdt.internal.launching.LaunchingPlugin$VMChanges$1.run(LaunchingPlugin.java:301)
	at org.eclipse.jdt.internal.core.BatchOperation.executeOperation(BatchOperation.java:41)
	at org.eclipse.jdt.internal.core.JavaModelOperation.run(JavaModelOperation.java:740)
	at org.eclipse.core.internal.resources.Workspace.run(Workspace.java:2380)
	at org.eclipse.core.internal.resources.Workspace.run(Workspace.java:2405)
	at org.eclipse.jdt.core.JavaCore.run(JavaCore.java:5955)
	at org.eclipse.jdt.internal.launching.LaunchingPlugin$VMChanges.doit(LaunchingPlugin.java:305)
	at org.eclipse.jdt.internal.launching.LaunchingPlugin$JREUpdateJob.run(LaunchingPlugin.java:402)
	at org.eclipse.core.internal.jobs.Worker.run(Worker.java:63)

2023-04-07T14:25:08.168 WARN (pid:34952) - Could not find lombok.jar path.
2023-04-07T14:25:08.183 INFO (pid:34952) - Starting Java server with: /usr/local/Cellar/openjdk/18.0.2/libexec/openjdk.jdk/Contents/Home/bin/java --add-modules=ALL-SYSTEM --add-opens java.base/java.util=ALL-UNNAMED --add-opens java.base/java.lang=ALL-UNNAMED --add-opens java.base/sun.nio.fs=ALL-UNNAMED -Declipse.application=org.eclipse.jdt.ls.core.id1 -Dosgi.bundles.defaultStartLevel=4 -Declipse.product=org.eclipse.jdt.ls.core.product -Djava.import.generatesMetadataFilesAtProjectRoot=false -Dfile.encoding=UTF-8 -XX:+UseParallelGC -XX:GCTimeRatio=4 -XX:AdaptiveSizePolicyWeight=90 -Dsun.zip.disableMemoryMapping=true -Xmx1G -Xms100m -Xlog:disable -XX:+HeapDumpOnOutOfMemoryError -XX:HeapDumpPath=/Users/wellstoneoh/.config/coc/extensions/coc-java-data -jar /Users/wellstoneoh/.config/coc/extensions/node_modules/coc-java/server/plugins/org.eclipse.equinox.launcher_1.6.400.v20210924-0641.jar -configuration /Users/wellstoneoh/.config/coc/extensions/coc-java-data/1.14.1/config_mac -data /Users/wellstoneoh/.config/coc/extensions/coc-java-data/jdt_ws
2023-04-07T14:25:08.365 INFO (pid:34952) - WARNING: Using incubator modules: jdk.incubator.vector, jdk.incubator.foreign

2023-04-07T14:26:50.957 INFO (pid:34952) - compile.nullAnalysis.mode set to automatic
2023-04-07T14:34:19.262 WARN (pid:35955) - Could not find lombok.jar path.
2023-04-07T14:34:19.280 INFO (pid:35955) - Starting Java server with: /usr/local/Cellar/openjdk/18.0.2/libexec/openjdk.jdk/Contents/Home/bin/java --add-modules=ALL-SYSTEM --add-opens java.base/java.util=ALL-UNNAMED --add-opens java.base/java.lang=ALL-UNNAMED --add-opens java.base/sun.nio.fs=ALL-UNNAMED -Declipse.application=org.eclipse.jdt.ls.core.id1 -Dosgi.bundles.defaultStartLevel=4 -Declipse.product=org.eclipse.jdt.ls.core.product -Djava.import.generatesMetadataFilesAtProjectRoot=false -Dfile.encoding=UTF-8 -XX:+UseParallelGC -XX:GCTimeRatio=4 -XX:AdaptiveSizePolicyWeight=90 -Dsun.zip.disableMemoryMapping=true -Xmx1G -Xms100m -Xlog:disable -XX:+HeapDumpOnOutOfMemoryError -XX:HeapDumpPath=/Users/wellstoneoh/.config/coc/extensions/coc-java-data -jar /Users/wellstoneoh/.config/coc/extensions/node_modules/coc-java/server/plugins/org.eclipse.equinox.launcher_1.6.400.v20210924-0641.jar -configuration /Users/wellstoneoh/.config/coc/extensions/coc-java-data/1.14.1/config_mac -data /Users/wellstoneoh/.config/coc/extensions/coc-java-data/jdt_ws
2023-04-07T14:34:19.458 INFO (pid:35955) - WARNING: Using incubator modules: jdk.incubator.foreign, jdk.incubator.vector

2023-04-07T14:36:26.563 WARN (pid:36686) - Could not find lombok.jar path.
2023-04-07T14:36:26.580 INFO (pid:36686) - Starting Java server with: /usr/local/Cellar/openjdk/18.0.2/libexec/openjdk.jdk/Contents/Home/bin/java --add-modules=ALL-SYSTEM --add-opens java.base/java.util=ALL-UNNAMED --add-opens java.base/java.lang=ALL-UNNAMED --add-opens java.base/sun.nio.fs=ALL-UNNAMED -Declipse.application=org.eclipse.jdt.ls.core.id1 -Dosgi.bundles.defaultStartLevel=4 -Declipse.product=org.eclipse.jdt.ls.core.product -Djava.import.generatesMetadataFilesAtProjectRoot=false -Dfile.encoding=UTF-8 -XX:+UseParallelGC -XX:GCTimeRatio=4 -XX:AdaptiveSizePolicyWeight=90 -Dsun.zip.disableMemoryMapping=true -Xmx1G -Xms100m -Xlog:disable -XX:+HeapDumpOnOutOfMemoryError -XX:HeapDumpPath=/Users/wellstoneoh/.config/coc/extensions/coc-java-data -jar /Users/wellstoneoh/.config/coc/extensions/node_modules/coc-java/server/plugins/org.eclipse.equinox.launcher_1.6.400.v20210924-0641.jar -configuration /Users/wellstoneoh/.config/coc/extensions/coc-java-data/1.14.1/config_mac -data /Users/wellstoneoh/.config/coc/extensions/coc-java-data/jdt_ws
2023-04-07T14:36:26.751 INFO (pid:36686) - WARNING: Using incubator modules: jdk.incubator.vector, jdk.incubator.foreign

